[INFO] Scanning for projects...
[INFO] 
[INFO] -----------------------< com.ailifeos:ailifeos >------------------------
[INFO] Building ailifeos 0.0.1-SNAPSHOT
[INFO]   from pom.xml
[INFO] --------------------------------[ jar ]---------------------------------
[INFO] 
[INFO] --- clean:3.3.2:clean (default-clean) @ ailifeos ---
[INFO] Deleting C:\Users\dhira\Downloads\JR\ailifeos\target
[INFO] 
[INFO] >>> spring-boot:3.2.4:run (default-cli) > test-compile @ ailifeos >>>
[INFO] 
[INFO] --- resources:3.3.1:resources (default-resources) @ ailifeos ---
[INFO] Copying 1 resource from src\main\resources to target\classes
[INFO] Copying 0 resource from src\main\resources to target\classes
[INFO] 
[INFO] --- compiler:3.11.0:compile (default-compile) @ ailifeos ---
[INFO] Changes detected - recompiling the module! :source
[INFO] Compiling 40 source files with javac [debug release 17] to target\classes
[INFO] Annotation processing is enabled because one or more processors were found
  on the class path. A future release of javac may disable annotation processing
  unless at least one processor is specified by name (-processor), or a search
  path is specified (--processor-path, --processor-module-path), or annotation
  processing is enabled explicitly (-proc:only, -proc:full).
  Use -Xlint:-options to suppress this message.
  Use -proc:none to disable annotation processing.
[INFO] 
[INFO] --- resources:3.3.1:testResources (default-testResources) @ ailifeos ---
[INFO] skip non existing resourceDirectory C:\Users\dhira\Downloads\JR\ailifeos\src\test\resources
[INFO] 
[INFO] --- compiler:3.11.0:testCompile (default-testCompile) @ ailifeos ---
[INFO] No sources to compile
[INFO] 
[INFO] <<< spring-boot:3.2.4:run (default-cli) < test-compile @ ailifeos <<<
[INFO] 
[INFO] 
[INFO] --- spring-boot:3.2.4:run (default-cli) @ ailifeos ---
[INFO] Attaching agents: []

  .   ____          _            __ _ _
 /\\ / ___'_ __ _ _(_)_ __  __ _ \ \ \ \
( ( )\___ | '_ | '_| | '_ \/ _` | \ \ \ \
 \\/  ___)| |_)| | | | | || (_| |  ) ) ) )
  '  |____| .__|_| |_|_| |_\__, | / / / /
 =========|_|==============|___/=/_/_/_/
 :: Spring Boot ::                (v3.2.4)

2026-03-23T00:36:46.679+05:30  INFO 5972 --- [ailifeos] [           main] com.ailifeos.AiLifeOsApplication         : Starting AiLifeOsApplication using Java 21.0.2 with PID 5972 (C:\Users\dhira\Downloads\JR\ailifeos\target\classes started by dhira in C:\Users\dhira\Downloads\JR\ailifeos)
2026-03-23T00:36:46.681+05:30  INFO 5972 --- [ailifeos] [           main] com.ailifeos.AiLifeOsApplication         : No active profile set, falling back to 1 default profile: "default"
2026-03-23T00:36:47.409+05:30  INFO 5972 --- [ailifeos] [           main] .s.d.r.c.RepositoryConfigurationDelegate : Bootstrapping Spring Data JPA repositories in DEFAULT mode.
2026-03-23T00:36:47.482+05:30  INFO 5972 --- [ailifeos] [           main] .s.d.r.c.RepositoryConfigurationDelegate : Finished Spring Data repository scanning in 64 ms. Found 5 JPA repository interfaces.
2026-03-23T00:36:48.129+05:30  INFO 5972 --- [ailifeos] [           main] o.s.b.w.embedded.tomcat.TomcatWebServer  : Tomcat initialized with port 8080 (http)
2026-03-23T00:36:48.142+05:30  INFO 5972 --- [ailifeos] [           main] o.apache.catalina.core.StandardService   : Starting service [Tomcat]
2026-03-23T00:36:48.142+05:30  INFO 5972 --- [ailifeos] [           main] o.apache.catalina.core.StandardEngine    : Starting Servlet engine: [Apache Tomcat/10.1.19]
2026-03-23T00:36:48.202+05:30  INFO 5972 --- [ailifeos] [           main] o.a.c.c.C.[Tomcat].[localhost].[/]       : Initializing Spring embedded WebApplicationContext
2026-03-23T00:36:48.203+05:30  INFO 5972 --- [ailifeos] [           main] w.s.c.ServletWebServerApplicationContext : Root WebApplicationContext: initialization completed in 1475 ms
2026-03-23T00:36:48.236+05:30  INFO 5972 --- [ailifeos] [           main] com.zaxxer.hikari.HikariDataSource       : HikariPool-1 - Starting...
2026-03-23T00:36:48.411+05:30  INFO 5972 --- [ailifeos] [           main] com.zaxxer.hikari.pool.HikariPool        : HikariPool-1 - Added connection conn0: url=jdbc:h2:mem:ailifeosdb user=SA
2026-03-23T00:36:48.413+05:30  INFO 5972 --- [ailifeos] [           main] com.zaxxer.hikari.HikariDataSource       : HikariPool-1 - Start completed.
2026-03-23T00:36:48.432+05:30  INFO 5972 --- [ailifeos] [           main] o.s.b.a.h2.H2ConsoleAutoConfiguration    : H2 console available at '/h2-console'. Database available at 'jdbc:h2:mem:ailifeosdb'
2026-03-23T00:36:48.548+05:30  INFO 5972 --- [ailifeos] [           main] o.hibernate.jpa.internal.util.LogHelper  : HHH000204: Processing PersistenceUnitInfo [name: default]
2026-03-23T00:36:48.597+05:30  INFO 5972 --- [ailifeos] [           main] org.hibernate.Version                    : HHH000412: Hibernate ORM core version 6.4.4.Final
2026-03-23T00:36:48.629+05:30  INFO 5972 --- [ailifeos] [           main] o.h.c.internal.RegionFactoryInitiator    : HHH000026: Second-level cache disabled
2026-03-23T00:36:48.824+05:30  INFO 5972 --- [ailifeos] [           main] o.s.o.j.p.SpringPersistenceUnitInfo      : No LoadTimeWeaver setup: ignoring JPA class transformer
2026-03-23T00:36:48.865+05:30  WARN 5972 --- [ailifeos] [           main] org.hibernate.orm.deprecation            : HHH90000025: H2Dialect does not need to be specified explicitly using 'hibernate.dialect' (remove the property setting and it will be selected by default)
2026-03-23T00:36:49.827+05:30  INFO 5972 --- [ailifeos] [           main] o.h.e.t.j.p.i.JtaPlatformInitiator       : HHH000489: No JTA platform available (set 'hibernate.transaction.jta.platform' to enable JTA platform integration)
Hibernate: 
    create table problems (
        id bigint generated by default as identity,
        description varchar(2000),
        difficulty varchar(255) not null,
        title varchar(255) not null,
        primary key (id)
    )
Hibernate: 
    create table submissions (
        id bigint generated by default as identity,
        code_snippet TEXT,
        created_at timestamp(6),
        status varchar(255) not null,
        xp_earned integer,
        problem_id bigint not null,
        user_id bigint not null,
        primary key (id)
    )
Hibernate: 
    create table tasks (
        id bigint generated by default as identity,
        date date,
        status varchar(255) not null,
        title varchar(255) not null,
        type varchar(255),
        user_id bigint not null,
        primary key (id)
    )
Hibernate: 
    create table users (
        id bigint generated by default as identity,
        email varchar(255) not null,
        level integer,
        password varchar(255) not null,
        streak integer,
        username varchar(255) not null,
        xp integer,
        primary key (id)
    )
Hibernate: 
    create table xp_logs (
        id bigint generated by default as identity,
        action varchar(255) not null,
        timestamp timestamp(6),
        xp_gained integer,
        user_id bigint not null,
        primary key (id)
    )
Hibernate: 
    alter table if exists users 
       drop constraint if exists UK_6dotkott2kjsp8vw4d0m25fb7
Hibernate: 
    alter table if exists users 
       add constraint UK_6dotkott2kjsp8vw4d0m25fb7 unique (email)
Hibernate: 
    alter table if exists users 
       drop constraint if exists UK_r43af9ap4edm43mmtq01oddj6
Hibernate: 
    alter table if exists users 
       add constraint UK_r43af9ap4edm43mmtq01oddj6 unique (username)
Hibernate: 
    alter table if exists submissions 
       add constraint FKj5kbdqokftgx992cx24x3s583 
       foreign key (problem_id) 
       references problems
Hibernate: 
    alter table if exists submissions 
       add constraint FK760bgu69957phd7hax608jdms 
       foreign key (user_id) 
       references users
Hibernate: 
    alter table if exists tasks 
       add constraint FK6s1ob9k4ihi75xbxe2w0ylsdh 
       foreign key (user_id) 
       references users
Hibernate: 
    alter table if exists xp_logs 
       add constraint FKrrhf3v71tm4byt6371n6mbcod 
       foreign key (user_id) 
       references users
2026-03-23T00:36:49.910+05:30  INFO 5972 --- [ailifeos] [           main] j.LocalContainerEntityManagerFactoryBean : Initialized JPA EntityManagerFactory for persistence unit 'default'
2026-03-23T00:36:50.631+05:30  WARN 5972 --- [ailifeos] [           main] JpaBaseConfiguration$JpaWebConfiguration : spring.jpa.open-in-view is enabled by default. Therefore, database queries may be performed during view rendering. Explicitly configure spring.jpa.open-in-view to disable this warning
2026-03-23T00:36:50.967+05:30  INFO 5972 --- [ailifeos] [           main] o.s.s.web.DefaultSecurityFilterChain     : Will secure any request with [org.springframework.security.web.session.DisableEncodeUrlFilter@294ab038, org.springframework.security.web.context.request.async.WebAsyncManagerIntegrationFilter@395abe85, org.springframework.security.web.context.SecurityContextHolderFilter@1a59500b, org.springframework.security.web.header.HeaderWriterFilter@1e733bb5, org.springframework.web.filter.CorsFilter@55849272, org.springframework.security.web.authentication.logout.LogoutFilter@175c26ff, com.ailifeos.security.JwtAuthenticationFilter@48301bfe, org.springframework.security.web.savedrequest.RequestCacheAwareFilter@57f6fc09, org.springframework.security.web.servletapi.SecurityContextHolderAwareRequestFilter@ae5d544, org.springframework.security.web.authentication.AnonymousAuthenticationFilter@2eb91767, org.springframework.security.web.session.SessionManagementFilter@7b55fc83, org.springframework.security.web.access.ExceptionTranslationFilter@6bc8d8bd, org.springframework.security.web.access.intercept.AuthorizationFilter@5318731f]
2026-03-23T00:36:51.265+05:30  WARN 5972 --- [ailifeos] [           main] ConfigServletWebServerApplicationContext : Exception encountered during context initialization - cancelling refresh attempt: org.springframework.context.ApplicationContextException: Failed to start bean 'webServerStartStop'
2026-03-23T00:36:51.268+05:30  INFO 5972 --- [ailifeos] [           main] j.LocalContainerEntityManagerFactoryBean : Closing JPA EntityManagerFactory for persistence unit 'default'
2026-03-23T00:36:51.269+05:30  INFO 5972 --- [ailifeos] [           main] com.zaxxer.hikari.HikariDataSource       : HikariPool-1 - Shutdown initiated...
2026-03-23T00:36:51.272+05:30  INFO 5972 --- [ailifeos] [           main] com.zaxxer.hikari.HikariDataSource       : HikariPool-1 - Shutdown completed.
2026-03-23T00:36:51.283+05:30  INFO 5972 --- [ailifeos] [           main] .s.b.a.l.ConditionEvaluationReportLogger : 

Error starting ApplicationContext. To display the condition evaluation report re-run your application with 'debug' enabled.
2026-03-23T00:36:51.300+05:30 ERROR 5972 --- [ailifeos] [           main] o.s.b.d.LoggingFailureAnalysisReporter   : 

***************************
APPLICATION FAILED TO START
***************************

Description:

Web server failed to start. Port 8080 was already in use.

Action:

Identify and stop the process that's listening on port 8080 or configure this application to listen on another port.

[INFO] ------------------------------------------------------------------------
[INFO] BUILD FAILURE
[INFO] ------------------------------------------------------------------------
[INFO] Total time:  10.694 s
[INFO] Finished at: 2026-03-23T00:36:51+05:30
[INFO] ------------------------------------------------------------------------
[ERROR] Failed to execute goal org.springframework.boot:spring-boot-maven-plugin:3.2.4:run (default-cli) on project ailifeos: Process terminated with exit code: 1 -> [Help 1]
[ERROR] 
[ERROR] To see the full stack trace of the errors, re-run Maven with the -e switch.
[ERROR] Re-run Maven using the -X switch to enable full debug logging.
[ERROR] 
[ERROR] For more information about the errors and possible solutions, please read the following articles:
[ERROR] [Help 1] http://cwiki.apache.org/confluence/display/MAVEN/MojoExecutionException
